# JRE version: OpenJDK Runtime Environment Temurin-21.0.10+7 (21.0.10+7) (build 21.0.10+7-LTS)
# Java VM: OpenJDK 64-Bit Server VM Temurin-21.0.10+7 (21.0.10+7-LTS, mixed mode, sharing, tiered, compressed oops, compressed class ptrs, parallel gc, windows-amd64)
GC Precious Log:
 CardTable entry size: 512
 CPUs: 12 total, 12 available
 Memory: 15773M
 Large Page Support: Disabled
 NUMA Support: Disabled
 Compressed Oops: Enabled (32-bit)
 Alignments: Space 512K, Generation 512K, Heap 2M
 Heap Min Capacity: 100M
 Heap Initial Capacity: 100M
 Heap Max Capacity: 2G
 Pre-touch: Disabled
 Parallel Workers: 10
Heap:
 PSYoungGen      total 3584K, used 1029K [0x00000000d5580000, 0x00000000d5a00000, 0x0000000100000000)
  eden space 2560K, 30% used [0x00000000d5580000,0x00000000d5645478,0x00000000d5800000)
  from space 1024K, 23% used [0x00000000d5880000,0x00000000d58bc010,0x00000000d5980000)
  to   space 512K, 0% used [0x00000000d5980000,0x00000000d5980000,0x00000000d5a00000)
 ParOldGen       total 623104K, used 622627K [0x0000000080000000, 0x00000000a6080000, 0x00000000d5580000)
  object space 623104K, 99% used [0x0000000080000000,0x00000000a6008f90,0x00000000a6080000)
 Metaspace       used 64281K, committed 65600K, reserved 1114112K
  class space    used 6727K, committed 7296K, reserved 1048576K
GC Heap History (20 events):
Event: 287.119 GC heap before
{Heap before GC invocations=503 (full 3):
 PSYoungGen      total 4608K, used 4352K [0x00000000d5580000, 0x00000000d5c80000, 0x0000000100000000)
  eden space 3072K, 100% used [0x00000000d5580000,0x00000000d5880000,0x00000000d5880000)
  from space 1536K, 83% used [0x00000000d5880000,0x00000000d59c0010,0x00000000d5a00000)
  to   space 2048K, 0% used [0x00000000d5a80000,0x00000000d5a80000,0x00000000d5c80000)
 ParOldGen       total 608256K, used 607953K [0x0000000080000000, 0x00000000a5200000, 0x00000000d5580000)
  object space 608256K, 99% used [0x0000000080000000,0x00000000a51b4600,0x00000000a5200000)
 Metaspace       used 63939K, committed 65280K, reserved 1114112K
  class space    used 6691K, committed 7232K, reserved 1048576K
}
Event: 287.122 GC heap after
{Heap after GC invocations=503 (full 3):
 PSYoungGen      total 5120K, used 480K [0x00000000d5580000, 0x00000000d5b80000, 0x0000000100000000)
  eden space 4096K, 0% used [0x00000000d5580000,0x00000000d5580000,0x00000000d5980000)
  from space 1024K, 46% used [0x00000000d5a80000,0x00000000d5af8000,0x00000000d5b80000)
  to   space 1024K, 0% used [0x00000000d5980000,0x00000000d5980000,0x00000000d5a80000)
 ParOldGen       total 609280K, used 609025K [0x0000000080000000, 0x00000000a5300000, 0x00000000d5580000)
  object space 609280K, 99% used [0x0000000080000000,0x00000000a52c0600,0x00000000a5300000)
 Metaspace       used 63939K, committed 65280K, reserved 1114112K
  class space    used 6691K, committed 7232K, reserved 1048576K
}
Event: 289.288 GC heap before
{Heap before GC invocations=504 (full 3):
 PSYoungGen      total 5120K, used 4576K [0x00000000d5580000, 0x00000000d5b80000, 0x0000000100000000)
  eden space 4096K, 100% used [0x00000000d5580000,0x00000000d5980000,0x00000000d5980000)
  from space 1024K, 46% used [0x00000000d5a80000,0x00000000d5af8000,0x00000000d5b80000)
  to   space 1024K, 0% used [0x00000000d5980000,0x00000000d5980000,0x00000000d5a80000)
 ParOldGen       total 609280K, used 609025K [0x0000000080000000, 0x00000000a5300000, 0x00000000d5580000)
  object space 609280K, 99% used [0x0000000080000000,0x00000000a52c0600,0x00000000a5300000)
 Metaspace       used 63959K, committed 65280K, reserved 1114112K
  class space    used 6691K, committed 7232K, reserved 1048576K
}
Event: 289.291 GC heap after
{Heap after GC invocations=504 (full 3):
 PSYoungGen      total 5120K, used 1001K [0x00000000d5580000, 0x00000000d6080000, 0x0000000100000000)
  eden space 4096K, 0% used [0x00000000d5580000,0x00000000d5580000,0x00000000d5980000)
  from space 1024K, 97% used [0x00000000d5980000,0x00000000d5a7a590,0x00000000d5a80000)
  to   space 3584K, 0% used [0x00000000d5d00000,0x00000000d5d00000,0x00000000d6080000)
 ParOldGen       total 611328K, used 611009K [0x0000000080000000, 0x00000000a5500000, 0x00000000d5580000)
  object space 611328K, 99% used [0x0000000080000000,0x00000000a54b0600,0x00000000a5500000)
 Metaspace       used 63959K, committed 65280K, reserved 1114112K
  class space    used 6691K, committed 7232K, reserved 1048576K
}
Event: 289.305 GC heap before
{Heap before GC invocations=505 (full 3):
 PSYoungGen      total 5120K, used 5001K [0x00000000d5580000, 0x00000000d6080000, 0x0000000100000000)
  eden space 4096K, 97% used [0x00000000d5580000,0x00000000d5967e90,0x00000000d5980000)
  from space 1024K, 97% used [0x00000000d5980000,0x00000000d5a7a590,0x00000000d5a80000)
  to   space 3584K, 0% used [0x00000000d5d00000,0x00000000d5d00000,0x00000000d6080000)
 ParOldGen       total 611328K, used 611009K [0x0000000080000000, 0x00000000a5500000, 0x00000000d5580000)
  object space 611328K, 99% used [0x0000000080000000,0x00000000a54b0600,0x00000000a5500000)
 Metaspace       used 63959K, committed 65280K, reserved 1114112K
  class space    used 6691K, committed 7232K, reserved 1048576K
}
Event: 289.308 GC heap after
{Heap after GC invocations=505 (full 3):
 PSYoungGen      total 5632K, used 3584K [0x00000000d5580000, 0x00000000d6480000, 0x0000000100000000)
  eden space 2048K, 0% used [0x00000000d5580000,0x00000000d5580000,0x00000000d5780000)
  from space 3584K, 100% used [0x00000000d5d00000,0x00000000d6080000,0x00000000d6080000)
  to   space 5632K, 0% used [0x00000000d5780000,0x00000000d5780000,0x00000000d5d00000)
 ParOldGen       total 612864K, used 612556K [0x0000000080000000, 0x00000000a5680000, 0x00000000d5580000)
  object space 612864K, 99% used [0x0000000080000000,0x00000000a5633130,0x00000000a5680000)
 Metaspace       used 63959K, committed 65280K, reserved 1114112K
  class space    used 6691K, committed 7232K, reserved 1048576K
}
Event: 289.325 GC heap before
{Heap before GC invocations=506 (full 3):
 PSYoungGen      total 5632K, used 5632K [0x00000000d5580000, 0x00000000d6480000, 0x0000000100000000)
  eden space 2048K, 100% used [0x00000000d5580000,0x00000000d5780000,0x00000000d5780000)
  from space 3584K, 100% used [0x00000000d5d00000,0x00000000d6080000,0x00000000d6080000)
  to   space 5632K, 0% used [0x00000000d5780000,0x00000000d5780000,0x00000000d5d00000)
 ParOldGen       total 612864K, used 612556K [0x0000000080000000, 0x00000000a5680000, 0x00000000d5580000)
  object space 612864K, 99% used [0x0000000080000000,0x00000000a5633130,0x00000000a5680000)
 Metaspace       used 63959K, committed 65280K, reserved 1114112K
  class space    used 6691K, committed 7232K, reserved 1048576K
}
Event: 289.329 GC heap after
{Heap after GC invocations=506 (full 3):
 PSYoungGen      total 4608K, used 2272K [0x00000000d5580000, 0x00000000d5e80000, 0x0000000100000000)
  eden space 2048K, 0% used [0x00000000d5580000,0x00000000d5580000,0x00000000d5780000)
  from space 2560K, 88% used [0x00000000d5780000,0x00000000d59b8200,0x00000000d5a00000)
  to   space 3584K, 0% used [0x00000000d5b00000,0x00000000d5b00000,0x00000000d5e80000)
 ParOldGen       total 615936K, used 615668K [0x0000000080000000, 0x00000000a5980000, 0x00000000d5580000)
  object space 615936K, 99% used [0x0000000080000000,0x00000000a593d130,0x00000000a5980000)
 Metaspace       used 63959K, committed 65280K, reserved 1114112K
  class space    used 6691K, committed 7232K, reserved 1048576K
}
Event: 289.336 GC heap before
{Heap before GC invocations=507 (full 3):
 PSYoungGen      total 4608K, used 4320K [0x00000000d5580000, 0x00000000d5e80000, 0x0000000100000000)
  eden space 2048K, 100% used [0x00000000d5580000,0x00000000d5780000,0x00000000d5780000)
  from space 2560K, 88% used [0x00000000d5780000,0x00000000d59b8200,0x00000000d5a00000)
  to   space 3584K, 0% used [0x00000000d5b00000,0x00000000d5b00000,0x00000000d5e80000)
 ParOldGen       total 615936K, used 615668K [0x0000000080000000, 0x00000000a5980000, 0x00000000d5580000)
  object space 615936K, 99% used [0x0000000080000000,0x00000000a593d130,0x00000000a5980000)
 Metaspace       used 63959K, committed 65280K, reserved 1114112K
  class space    used 6691K, committed 7232K, reserved 1048576K
}
Event: 289.338 GC heap after
{Heap after GC invocations=507 (full 3):
 PSYoungGen      total 5120K, used 2144K [0x00000000d5580000, 0x00000000d5d80000, 0x0000000100000000)
  eden space 2560K, 0% used [0x00000000d5580000,0x00000000d5580000,0x00000000d5800000)
  from space 2560K, 83% used [0x00000000d5b00000,0x00000000d5d18000,0x00000000d5d80000)
  to   space 2560K, 0% used [0x00000000d5880000,0x00000000d5880000,0x00000000d5b00000)
 ParOldGen       total 618496K, used 618045K [0x0000000080000000, 0x00000000a5c00000, 0x00000000d5580000)
  object space 618496K, 99% used [0x0000000080000000,0x00000000a5b8f530,0x00000000a5c00000)
 Metaspace       used 63959K, committed 65280K, reserved 1114112K
  class space    used 6691K, committed 7232K, reserved 1048576K
}
Event: 289.393 GC heap before
{Heap before GC invocations=508 (full 3):
 PSYoungGen      total 5120K, used 4703K [0x00000000d5580000, 0x00000000d5d80000, 0x0000000100000000)
  eden space 2560K, 99% used [0x00000000d5580000,0x00000000d57fffb8,0x00000000d5800000)
  from space 2560K, 83% used [0x00000000d5b00000,0x00000000d5d18000,0x00000000d5d80000)
  to   space 2560K, 0% used [0x00000000d5880000,0x00000000d5880000,0x00000000d5b00000)
 ParOldGen       total 618496K, used 618045K [0x0000000080000000, 0x00000000a5c00000, 0x00000000d5580000)
  object space 618496K, 99% used [0x0000000080000000,0x00000000a5b8f530,0x00000000a5c00000)
 Metaspace       used 64039K, committed 65408K, reserved 1114112K
  class space    used 6701K, committed 7296K, reserved 1048576K
}
Event: 289.397 GC heap after
{Heap after GC invocations=508 (full 3):
 PSYoungGen      total 4096K, used 1072K [0x00000000d5580000, 0x00000000d5b80000, 0x0000000100000000)
  eden space 2560K, 0% used [0x00000000d5580000,0x00000000d5580000,0x00000000d5800000)
  from space 1536K, 69% used [0x00000000d5880000,0x00000000d598c000,0x00000000d5a00000)
  to   space 1536K, 0% used [0x00000000d5a00000,0x00000000d5a00000,0x00000000d5b80000)
 ParOldGen       total 620544K, used 620077K [0x0000000080000000, 0x00000000a5e00000, 0x00000000d5580000)
  object space 620544K, 99% used [0x0000000080000000,0x00000000a5d8b530,0x00000000a5e00000)
 Metaspace       used 64039K, committed 65408K, reserved 1114112K
  class space    used 6701K, committed 7296K, reserved 1048576K
}
Event: 289.436 GC heap before
{Heap before GC invocations=509 (full 3):
 PSYoungGen      total 4096K, used 3632K [0x00000000d5580000, 0x00000000d5b80000, 0x0000000100000000)
  eden space 2560K, 100% used [0x00000000d5580000,0x00000000d5800000,0x00000000d5800000)
  from space 1536K, 69% used [0x00000000d5880000,0x00000000d598c000,0x00000000d5a00000)
  to   space 1536K, 0% used [0x00000000d5a00000,0x00000000d5a00000,0x00000000d5b80000)
 ParOldGen       total 620544K, used 620077K [0x0000000080000000, 0x00000000a5e00000, 0x00000000d5580000)
  object space 620544K, 99% used [0x0000000080000000,0x00000000a5d8b530,0x00000000a5e00000)
 Metaspace       used 64134K, committed 65472K, reserved 1114112K
  class space    used 6717K, committed 7296K, reserved 1048576K
}
Event: 289.438 GC heap after
{Heap after GC invocations=509 (full 3):
 PSYoungGen      total 3072K, used 496K [0x00000000d5580000, 0x00000000d5a80000, 0x0000000100000000)
  eden space 2560K, 0% used [0x00000000d5580000,0x00000000d5580000,0x00000000d5800000)
  from space 512K, 96% used [0x00000000d5a00000,0x00000000d5a7c010,0x00000000d5a80000)
  to   space 1024K, 0% used [0x00000000d5880000,0x00000000d5880000,0x00000000d5980000)
 ParOldGen       total 621056K, used 621037K [0x0000000080000000, 0x00000000a5e80000, 0x00000000d5580000)
  object space 621056K, 99% used [0x0000000080000000,0x00000000a5e7b540,0x00000000a5e80000)
 Metaspace       used 64134K, committed 65472K, reserved 1114112K
  class space    used 6717K, committed 7296K, reserved 1048576K
}
Event: 289.458 GC heap before
{Heap before GC invocations=510 (full 3):
 PSYoungGen      total 3072K, used 3056K [0x00000000d5580000, 0x00000000d5a80000, 0x0000000100000000)
  eden space 2560K, 100% used [0x00000000d5580000,0x00000000d5800000,0x00000000d5800000)
  from space 512K, 96% used [0x00000000d5a00000,0x00000000d5a7c010,0x00000000d5a80000)
  to   space 1024K, 0% used [0x00000000d5880000,0x00000000d5880000,0x00000000d5980000)
 ParOldGen       total 621056K, used 621037K [0x0000000080000000, 0x00000000a5e80000, 0x00000000d5580000)
  object space 621056K, 99% used [0x0000000080000000,0x00000000a5e7b540,0x00000000a5e80000)
 Metaspace       used 64182K, committed 65472K, reserved 1114112K
  class space    used 6721K, committed 7296K, reserved 1048576K
}
Event: 289.460 GC heap after
{Heap after GC invocations=510 (full 3):
 PSYoungGen      total 3584K, used 736K [0x00000000d5580000, 0x00000000d5a80000, 0x0000000100000000)
  eden space 2560K, 0% used [0x00000000d5580000,0x00000000d5580000,0x00000000d5800000)
  from space 1024K, 71% used [0x00000000d5880000,0x00000000d5938000,0x00000000d5980000)
  to   space 1024K, 0% used [0x00000000d5980000,0x00000000d5980000,0x00000000d5a80000)
 ParOldGen       total 621568K, used 621413K [0x0000000080000000, 0x00000000a5f00000, 0x00000000d5580000)
  object space 621568K, 99% used [0x0000000080000000,0x00000000a5ed9540,0x00000000a5f00000)
 Metaspace       used 64182K, committed 65472K, reserved 1114112K
  class space    used 6721K, committed 7296K, reserved 1048576K
}
Event: 289.486 GC heap before
{Heap before GC invocations=511 (full 3):
 PSYoungGen      total 3584K, used 3290K [0x00000000d5580000, 0x00000000d5a80000, 0x0000000100000000)
  eden space 2560K, 99% used [0x00000000d5580000,0x00000000d57fe860,0x00000000d5800000)
  from space 1024K, 71% used [0x00000000d5880000,0x00000000d5938000,0x00000000d5980000)
  to   space 1024K, 0% used [0x00000000d5980000,0x00000000d5980000,0x00000000d5a80000)
 ParOldGen       total 621568K, used 621413K [0x0000000080000000, 0x00000000a5f00000, 0x00000000d5580000)
  object space 621568K, 99% used [0x0000000080000000,0x00000000a5ed9540,0x00000000a5f00000)
 Metaspace       used 64228K, committed 65536K, reserved 1114112K
  class space    used 6725K, committed 7296K, reserved 1048576K
}
Event: 289.489 GC heap after
{Heap after GC invocations=511 (full 3):
 PSYoungGen      total 3584K, used 800K [0x00000000d5580000, 0x00000000d5a80000, 0x0000000100000000)
  eden space 2560K, 0% used [0x00000000d5580000,0x00000000d5580000,0x00000000d5800000)
  from space 1024K, 78% used [0x00000000d5980000,0x00000000d5a48000,0x00000000d5a80000)
  to   space 1024K, 0% used [0x00000000d5880000,0x00000000d5880000,0x00000000d5980000)
 ParOldGen       total 622080K, used 622003K [0x0000000080000000, 0x00000000a5f80000, 0x00000000d5580000)
  object space 622080K, 99% used [0x0000000080000000,0x00000000a5f6cf90,0x00000000a5f80000)
 Metaspace       used 64228K, committed 65536K, reserved 1114112K
  class space    used 6725K, committed 7296K, reserved 1048576K
}
Event: 289.536 GC heap before
{Heap before GC invocations=512 (full 3):
 PSYoungGen      total 3584K, used 3360K [0x00000000d5580000, 0x00000000d5a80000, 0x0000000100000000)
  eden space 2560K, 100% used [0x00000000d5580000,0x00000000d5800000,0x00000000d5800000)
  from space 1024K, 78% used [0x00000000d5980000,0x00000000d5a48000,0x00000000d5a80000)
  to   space 1024K, 0% used [0x00000000d5880000,0x00000000d5880000,0x00000000d5980000)
 ParOldGen       total 622080K, used 622003K [0x0000000080000000, 0x00000000a5f80000, 0x00000000d5580000)
  object space 622080K, 99% used [0x0000000080000000,0x00000000a5f6cf90,0x00000000a5f80000)
 Metaspace       used 64270K, committed 65600K, reserved 1114112K
  class space    used 6727K, committed 7296K, reserved 1048576K
}
Event: 289.539 GC heap after
{Heap after GC invocations=512 (full 3):
 PSYoungGen      total 3584K, used 240K [0x00000000d5580000, 0x00000000d5a00000, 0x0000000100000000)
  eden space 2560K, 0% used [0x00000000d5580000,0x00000000d5580000,0x00000000d5800000)
  from space 1024K, 23% used [0x00000000d5880000,0x00000000d58bc010,0x00000000d5980000)
  to   space 512K, 0% used [0x00000000d5980000,0x00000000d5980000,0x00000000d5a00000)
 ParOldGen       total 623104K, used 622627K [0x0000000080000000, 0x00000000a6080000, 0x00000000d5580000)
  object space 623104K, 99% used [0x0000000080000000,0x00000000a6008f90,0x00000000a6080000)
 Metaspace       used 64270K, committed 65600K, reserved 1114112K
  class space    used 6727K, committed 7296K, reserved 1048576K
}

